Arguments: 
  /home/vanlam1989/.volta/tools/image/node/16.14.0/bin/node /home/vanlam1989/.volta/tools/image/yarn/1.22.17/bin/yarn.js add @psychedelic/plug-connect

PATH: 
  /home/vanlam1989/.volta/tools/image/yarn/1.22.17/bin:/home/vanlam1989/.volta/tools/image/node/16.14.0/bin:/home/vanlam1989/.volta/bin:/home/vanlam1989/.vscode-server/bin/c722ca6c7eed3d7987c0d5c3df5c45f6b15e77d1/bin/remote-cli:/home/vanlam1989/.volta/bin:/home/vanlam1989/bin:/home/vanlam1989/.volta/bin:/usr/local/sbin:/usr/local/bin:/usr/sbin:/usr/bin:/sbin:/bin:/usr/games:/usr/local/games:/usr/lib/wsl/lib:/mnt/c/Program Files (x86)/Common Files/Oracle/Java/javapath:/mnt/c/Windows/system32:/mnt/c/Windows:/mnt/c/Windows/System32/Wbem:/mnt/c/Windows/System32/WindowsPowerShell/v1.0/:/mnt/c/Windows/System32/OpenSSH/:/mnt/c/Users/Admin/AppData/Local/Microsoft/WindowsApps:/mnt/c/adb:/mnt/c/Program Files/NVIDIA Corporation/NVIDIA NvDLISR:/mnt/c/Program Files (x86)/NVIDIA Corporation/PhysX/Common:/mnt/c/Program Files/dotnet/:/mnt/c/Program Files (x86)/Common Files/Acronis/SnapAPI/:/mnt/c/Program Files/Git/cmd:/mnt/c/Users/Admin/AppData/Local/Microsoft/WindowsApps:/mnt/c/Users/Admin/AppData/Local/Programs/Microsoft VS Code/bin:/snap/bin

Yarn version: 
  1.22.17

Node version: 
  16.14.0

Platform: 
  linux x64

Trace: 
  Error: https://registry.yarnpkg.com/@dfinity%2fagent: ETIMEDOUT
      at Timeout._onTimeout (/home/vanlam1989/.volta/tools/image/yarn/1.22.17/lib/cli.js:141543:19)
      at listOnTimeout (node:internal/timers:559:17)
      at processTimers (node:internal/timers:502:7)

npm manifest: 
  {
    "name": "minter_assets",
    "version": "0.1.0",
    "description": "Internet Computer starter application",
    "keywords": [
      "Internet Computer",
      "Motoko",
      "JavaScript",
      "Canister"
    ],
    "scripts": {
      "build": "webpack",
      "prebuild": "npm run copy:types",
      "start": "webpack serve --mode development --env development",
      "prestart": "npm run copy:types",
      "copy:types": "rsync -avr .dfx/$(echo ${DFX_NETWORK:-'**'})/canisters/** --exclude='assets/' --exclude='idl/' --exclude='*.wasm' --delete src/declarations"
    },
    "devDependencies": {
      "@dfinity/agent": "0.10.3",
      "@dfinity/candid": "0.10.3",
      "@dfinity/principal": "0.10.3",
      "assert": "2.0.0",
      "buffer": "6.0.3",
      "copy-webpack-plugin": "^9.0.1",
      "events": "3.3.0",
      "html-webpack-plugin": "5.5.0",
      "process": "0.11.10",
      "stream-browserify": "3.0.0",
      "terser-webpack-plugin": "5.2.5",
      "util": "0.12.4",
      "webpack": "^5.63.0",
      "webpack-cli": "4.9.1",
      "webpack-dev-server": "^4.4.0"
    },
    "browserslist": [
      "last 2 chrome version",
      "last 2 firefox version",
      "last 2 safari version",
      "last 2 edge version"
    ]
  }

yarn manifest: 
  No manifest

Lockfile: 
  No lockfile
